Using pre-set license
Built from '2020.3/staging' branch; Version is '2020.3.25f1 (9b9180224418) revision 10195328'; Using compiler version '192528614'; Build Type 'Release'
OS: 'Windows 10  (10.0.19041) 64bit Professional' Language: 'ko' Physical Memory: 32720 MB
BatchMode: 1, IsHumanControllingUs: 0, StartBugReporterOnCrash: 0, Is64bit: 1, IsPro: 0

COMMAND LINE ARGUMENTS:
C:\Program Files\Unity\Hub\Editor\2020.3.25f1\Editor\Unity.exe
-adb2
-batchMode
-noUpm
-name
AssetImportWorker0
-projectPath
D:/06_RnD_Unity/UnityURPLighting/URPLighting
-logFile
Logs/AssetImportWorker0.log
-srvPort
62507
Successfully changed project path to: D:/06_RnD_Unity/UnityURPLighting/URPLighting
D:/06_RnD_Unity/UnityURPLighting/URPLighting
Using Asset Import Pipeline V2.
Refreshing native plugins compatible for Editor in 43.03 ms, found 2 plugins.
Preloading 0 native plugins for Editor in 0.00 ms.
Initialize engine version: 2020.3.25f1 (9b9180224418)
[Subsystems] Discovering subsystems at path C:/Program Files/Unity/Hub/Editor/2020.3.25f1/Editor/Data/Resources/UnitySubsystems
[Subsystems] Discovering subsystems at path D:/06_RnD_Unity/UnityURPLighting/URPLighting/Assets
GfxDevice: creating device client; threaded=0
Direct3D:
    Version:  Direct3D 11.0 [level 11.1]
    Renderer: NVIDIA GeForce RTX 2070 SUPER (ID=0x1e84)
    Vendor:   
    VRAM:     8011 MB
    Driver:   27.21.14.5671
Initialize mono
Mono path[0] = 'C:/Program Files/Unity/Hub/Editor/2020.3.25f1/Editor/Data/Managed'
Mono path[1] = 'C:/Program Files/Unity/Hub/Editor/2020.3.25f1/Editor/Data/MonoBleedingEdge/lib/mono/unityjit'
Mono config path = 'C:/Program Files/Unity/Hub/Editor/2020.3.25f1/Editor/Data/MonoBleedingEdge/etc'
Using monoOptions --debugger-agent=transport=dt_socket,embedding=1,server=y,suspend=n,address=127.0.0.1:56132
Begin MonoManager ReloadAssembly
Registering precompiled unity dll's ...
Register platform support module: C:/Program Files/Unity/Hub/Editor/2020.3.25f1/Editor/Data/PlaybackEngines/WindowsStandaloneSupport/UnityEditor.WindowsStandalone.Extensions.dll
Registered in 0.002672 seconds.
Native extension for WindowsStandalone target not found
Refreshing native plugins compatible for Editor in 42.99 ms, found 2 plugins.
Preloading 0 native plugins for Editor in 0.00 ms.
Mono: successfully reloaded assembly
- Completed reload, in  0.496 seconds
Domain Reload Profiling:
	ReloadAssembly (496ms)
		BeginReloadAssembly (57ms)
			ExecutionOrderSort (0ms)
			DisableScriptedObjects (0ms)
			BackupInstance (0ms)
			ReleaseScriptingObjects (0ms)
			CreateAndSetChildDomain (1ms)
		EndReloadAssembly (373ms)
			LoadAssemblies (54ms)
			RebuildTransferFunctionScriptingTraits (0ms)
			SetupTypeCache (117ms)
			ReleaseScriptCaches (0ms)
			RebuildScriptCaches (23ms)
			SetupLoadedEditorAssemblies (142ms)
				LogAssemblyErrors (0ms)
				InitializePlatformSupportModulesInManaged (4ms)
				SetLoadedEditorAssemblies (0ms)
				RefreshPlugins (43ms)
				BeforeProcessingInitializeOnLoad (14ms)
				ProcessInitializeOnLoadAttributes (59ms)
				ProcessInitializeOnLoadMethodAttributes (22ms)
				AfterProcessingInitializeOnLoad (0ms)
				EditorAssembliesLoaded (0ms)
			ExecutionOrderSort2 (0ms)
			AwakeInstancesAfterBackupRestoration (0ms)
Platform modules already initialized, skipping
Registering precompiled user dll's ...
Registered in 0.004120 seconds.
Begin MonoManager ReloadAssembly
Native extension for WindowsStandalone target not found
Refreshing native plugins compatible for Editor in 43.60 ms, found 2 plugins.
Preloading 0 native plugins for Editor in 0.00 ms.
Mono: successfully reloaded assembly
- Completed reload, in  0.947 seconds
Domain Reload Profiling:
	ReloadAssembly (948ms)
		BeginReloadAssembly (127ms)
			ExecutionOrderSort (0ms)
			DisableScriptedObjects (4ms)
			BackupInstance (0ms)
			ReleaseScriptingObjects (0ms)
			CreateAndSetChildDomain (17ms)
		EndReloadAssembly (765ms)
			LoadAssemblies (85ms)
			RebuildTransferFunctionScriptingTraits (0ms)
			SetupTypeCache (249ms)
			ReleaseScriptCaches (1ms)
			RebuildScriptCaches (39ms)
			SetupLoadedEditorAssemblies (300ms)
				LogAssemblyErrors (0ms)
				InitializePlatformSupportModulesInManaged (3ms)
				SetLoadedEditorAssemblies (0ms)
				RefreshPlugins (44ms)
				BeforeProcessingInitializeOnLoad (81ms)
				ProcessInitializeOnLoadAttributes (153ms)
				ProcessInitializeOnLoadMethodAttributes (8ms)
				AfterProcessingInitializeOnLoad (11ms)
				EditorAssembliesLoaded (0ms)
			ExecutionOrderSort2 (0ms)
			AwakeInstancesAfterBackupRestoration (5ms)
Platform modules already initialized, skipping
========================================================================
Worker process is ready to serve import requests
Launched and connected shader compiler UnityShaderCompiler.exe after 0.07 seconds
Refreshing native plugins compatible for Editor in 0.90 ms, found 2 plugins.
Preloading 0 native plugins for Editor in 0.00 ms.
Unloading 2809 Unused Serialized files (Serialized files now loaded: 0)
System memory in use before: 126.7 MB.
System memory in use after: 126.8 MB.

Unloading 21 unused Assets to reduce memory usage. Loaded Objects now: 3238.
Total: 2.969600 ms (FindLiveObjects: 0.238700 ms CreateObjectMapping: 0.067700 ms MarkObjects: 2.548800 ms  DeleteObjects: 0.113300 ms)

AssetImportParameters requested are different than current active one (requested -> active):
  custom:framework-win-MediaFoundation: 216162199b28c13a410421893ffa2e32 -> 
  custom:video-decoder-ogg-theora: a1e56fd34408186e4bbccfd4996cb3dc -> 
  custom:container-muxer-webm: aa71ff27fc2769a1b78a27578f13a17b -> 
  custom:container-demuxer-webm: 4f35f7cbe854078d1ac9338744f61a02 -> 
  custom:container-demuxer-ogg: 62fdf1f143b41e24485cea50d1cbac27 -> 
  custom:video-encoder-webm-vp8: eb34c28f22e8b96e1ab97ce403110664 -> 
  custom:video-decoder-webm-vp8: 9c59270c3fd7afecdb556c50c9e8de78 -> 
  custom:audio-decoder-ogg-vorbis: bf7c407c2cedff20999df2af8eb42d56 -> 
  custom:audio-encoder-webm-vorbis: bf7c407c2cedff20999df2af8eb42d56 -> 
========================================================================
Received Import Request.
  path: Assets/Scenes/SampleScene.unity
  artifactKey: Guid(d1c3109bdb54ad54c8a2b2838528e640) Importer(815301076,1909f56bfc062723c751e8b465ee728b)
Start importing Assets/Scenes/SampleScene.unity using Guid(d1c3109bdb54ad54c8a2b2838528e640) Importer(815301076,1909f56bfc062723c751e8b465ee728b)  -> (artifact id: '1a7c01bc8ed57adf1ede3d700e613d7f') in 0.017149 seconds 
  Import took 0.022020 seconds .

========================================================================
Received Import Request.
  Time since last request: 0.000214 seconds.
  path: Assets/Scenes
  artifactKey: Guid(b2f2ec9184b51274eb8bfcee81098bf1) Importer(815301076,1909f56bfc062723c751e8b465ee728b)
Start importing Assets/Scenes using Guid(b2f2ec9184b51274eb8bfcee81098bf1) Importer(815301076,1909f56bfc062723c751e8b465ee728b)  -> (artifact id: '963a4d95efb3dbff6b192f67bd98af19') in 0.005568 seconds 
  Import took 0.008743 seconds .

========================================================================
Received Import Request.
  Time since last request: 6.354845 seconds.
  path: Assets/Scenes/URPLighting.unity
  artifactKey: Guid(76b80edf7866a39448a323f4ca59201c) Importer(815301076,1909f56bfc062723c751e8b465ee728b)
Start importing Assets/Scenes/URPLighting.unity using Guid(76b80edf7866a39448a323f4ca59201c) Importer(815301076,1909f56bfc062723c751e8b465ee728b)  -> (artifact id: 'b0a5b62d35e3291d18cc1c7a80ad5fbd') in 0.005703 seconds 
  Import took 0.010041 seconds .

========================================================================
Received Import Request.
  Time since last request: 5.794348 seconds.
  path: Assets/Prefabs/SM_RockFormation_01 Variant.prefab
  artifactKey: Guid(f9086c411b408e14995f71b4c08b9b1c) Importer(815301076,1909f56bfc062723c751e8b465ee728b)
Start importing Assets/Prefabs/SM_RockFormation_01 Variant.prefab using Guid(f9086c411b408e14995f71b4c08b9b1c) Importer(815301076,1909f56bfc062723c751e8b465ee728b)  -> (artifact id: 'affee7a105c5b9566b4874eda228682f') in 0.479298 seconds 
  Import took 0.483921 seconds .

========================================================================
Received Import Request.
  Time since last request: 5.613982 seconds.
  path: Assets/Prefabs/SM_RockFormation_03 Variant.prefab
  artifactKey: Guid(ca95a369a0d33394ab28ed7c848d4502) Importer(815301076,1909f56bfc062723c751e8b465ee728b)
Start importing Assets/Prefabs/SM_RockFormation_03 Variant.prefab using Guid(ca95a369a0d33394ab28ed7c848d4502) Importer(815301076,1909f56bfc062723c751e8b465ee728b)  -> (artifact id: 'f633df37fb486fbb27ee25b80fea7399') in 0.030961 seconds 
  Import took 0.035685 seconds .

========================================================================
Received Prepare
Registering precompiled user dll's ...
Registered in 0.003925 seconds.
Begin MonoManager ReloadAssembly
Native extension for WindowsStandalone target not found
Refreshing native plugins compatible for Editor in 0.57 ms, found 2 plugins.
Preloading 0 native plugins for Editor in 0.00 ms.
Mono: successfully reloaded assembly
- Completed reload, in  0.876 seconds
Domain Reload Profiling:
	ReloadAssembly (876ms)
		BeginReloadAssembly (121ms)
			ExecutionOrderSort (0ms)
			DisableScriptedObjects (5ms)
			BackupInstance (0ms)
			ReleaseScriptingObjects (0ms)
			CreateAndSetChildDomain (31ms)
		EndReloadAssembly (700ms)
			LoadAssemblies (83ms)
			RebuildTransferFunctionScriptingTraits (0ms)
			SetupTypeCache (244ms)
			ReleaseScriptCaches (1ms)
			RebuildScriptCaches (32ms)
			SetupLoadedEditorAssemblies (242ms)
				LogAssemblyErrors (0ms)
				InitializePlatformSupportModulesInManaged (3ms)
				SetLoadedEditorAssemblies (0ms)
				RefreshPlugins (1ms)
				BeforeProcessingInitializeOnLoad (69ms)
				ProcessInitializeOnLoadAttributes (152ms)
				ProcessInitializeOnLoadMethodAttributes (7ms)
				AfterProcessingInitializeOnLoad (10ms)
				EditorAssembliesLoaded (0ms)
			ExecutionOrderSort2 (0ms)
			AwakeInstancesAfterBackupRestoration (12ms)
Platform modules already initialized, skipping
Refreshing native plugins compatible for Editor in 0.59 ms, found 2 plugins.
Preloading 0 native plugins for Editor in 0.00 ms.
Unloading 2698 Unused Serialized files (Serialized files now loaded: 0)
System memory in use before: 124.6 MB.
System memory in use after: 124.7 MB.

Unloading 16 unused Assets to reduce memory usage. Loaded Objects now: 3285.
Total: 3.243200 ms (FindLiveObjects: 0.264600 ms CreateObjectMapping: 0.072700 ms MarkObjects: 2.801800 ms  DeleteObjects: 0.103200 ms)

AssetImportParameters requested are different than current active one (requested -> active):
  custom:framework-win-MediaFoundation: 216162199b28c13a410421893ffa2e32 -> 
  custom:video-decoder-ogg-theora: a1e56fd34408186e4bbccfd4996cb3dc -> 
  custom:container-muxer-webm: aa71ff27fc2769a1b78a27578f13a17b -> 
  custom:container-demuxer-webm: 4f35f7cbe854078d1ac9338744f61a02 -> 
  custom:container-demuxer-ogg: 62fdf1f143b41e24485cea50d1cbac27 -> 
  custom:video-encoder-webm-vp8: eb34c28f22e8b96e1ab97ce403110664 -> 
  custom:video-decoder-webm-vp8: 9c59270c3fd7afecdb556c50c9e8de78 -> 
  custom:audio-decoder-ogg-vorbis: bf7c407c2cedff20999df2af8eb42d56 -> 
  custom:audio-encoder-webm-vorbis: bf7c407c2cedff20999df2af8eb42d56 -> 
========================================================================
Received Import Request.
  Time since last request: 151.114247 seconds.
  path: Assets/Polyart/PolyartStudio/DreamscapeMeadows/Meshes/Rocks
  artifactKey: Guid(3758e174597e7534db43295a3e957756) Importer(815301076,1909f56bfc062723c751e8b465ee728b)
Start importing Assets/Polyart/PolyartStudio/DreamscapeMeadows/Meshes/Rocks using Guid(3758e174597e7534db43295a3e957756) Importer(815301076,1909f56bfc062723c751e8b465ee728b)  -> (artifact id: '144efe7e1b83e6947600787b35619397') in 0.008502 seconds 
  Import took 0.012634 seconds .

========================================================================
Received Import Request.
  Time since last request: 0.982369 seconds.
  path: Assets/Polyart/PolyartStudio/DreamscapeMeadows/Meshes/Rocks/SM_RockFormation_01.fbx
  artifactKey: Guid(db7394ca680dcd54d93ad50a2708b9de) Importer(815301076,1909f56bfc062723c751e8b465ee728b)
Start importing Assets/Polyart/PolyartStudio/DreamscapeMeadows/Meshes/Rocks/SM_RockFormation_01.fbx using Guid(db7394ca680dcd54d93ad50a2708b9de) Importer(815301076,1909f56bfc062723c751e8b465ee728b)  -> (artifact id: '85a73e32b79259464500cedc73319412') in 0.401046 seconds 
  Import took 0.405575 seconds .

========================================================================
Received Import Request.
  Time since last request: 44.365987 seconds.
  path: Assets/Polyart/PolyartStudio/DreamscapeMeadows/Meshes/Rocks/SM_RockFormation_01.fbx
  artifactKey: Guid(db7394ca680dcd54d93ad50a2708b9de) Importer(815301076,1909f56bfc062723c751e8b465ee728b)
Start importing Assets/Polyart/PolyartStudio/DreamscapeMeadows/Meshes/Rocks/SM_RockFormation_01.fbx using Guid(db7394ca680dcd54d93ad50a2708b9de) Importer(815301076,1909f56bfc062723c751e8b465ee728b)  -> (artifact id: '1a9f2bc990e81ce7ce8beead0dee5e4e') in 0.036571 seconds 
  Import took 0.041309 seconds .

========================================================================
Received Import Request.
  Time since last request: 833.321340 seconds.
  path: Assets/Polyart/PolyartStudio/DreamscapeMeadows/Textures/Rocks/T_Rock_Formation_01_C.png
  artifactKey: Guid(d47062ab7be5ef44baa1b0f11654500c) Importer(815301076,1909f56bfc062723c751e8b465ee728b)
Start importing Assets/Polyart/PolyartStudio/DreamscapeMeadows/Textures/Rocks/T_Rock_Formation_01_C.png using Guid(d47062ab7be5ef44baa1b0f11654500c) Importer(815301076,1909f56bfc062723c751e8b465ee728b)  -> (artifact id: 'd05016f2c4f1e224fa0a0a8a543334b3') in 0.041327 seconds 
  Import took 0.045619 seconds .

========================================================================
Received Import Request.
  Time since last request: 0.000172 seconds.
  path: Assets/Polyart/PolyartStudio/DreamscapeMeadows/Textures/Terrain/T_Grass_Ground_N.png
  artifactKey: Guid(d6545aaaf3fe7644db0ce9cedba45f55) Importer(815301076,1909f56bfc062723c751e8b465ee728b)
Start importing Assets/Polyart/PolyartStudio/DreamscapeMeadows/Textures/Terrain/T_Grass_Ground_N.png using Guid(d6545aaaf3fe7644db0ce9cedba45f55) Importer(815301076,1909f56bfc062723c751e8b465ee728b)  -> (artifact id: 'a2bd50c4be4a25986f5dd3fb89c0294d') in 0.012157 seconds 
  Import took 0.015654 seconds .

========================================================================
Received Import Request.
  Time since last request: 0.000163 seconds.
  path: Assets/Polyart/PolyartStudio/DreamscapeMeadows/Textures/Terrain/T_Grass_Ground_C.png
  artifactKey: Guid(28eb0e1235144c1489ede6afbdf5ff25) Importer(815301076,1909f56bfc062723c751e8b465ee728b)
Start importing Assets/Polyart/PolyartStudio/DreamscapeMeadows/Textures/Terrain/T_Grass_Ground_C.png using Guid(28eb0e1235144c1489ede6afbdf5ff25) Importer(815301076,1909f56bfc062723c751e8b465ee728b)  -> (artifact id: 'acceb2d0a7b71e92a5a189f8058946ab') in 0.009513 seconds 
  Import took 0.013204 seconds .

========================================================================
Received Import Request.
  Time since last request: 0.000236 seconds.
  path: Assets/Polyart/PolyartStudio/DreamscapeMeadows/Textures/Utility/T_Noise_03.png
  artifactKey: Guid(f3a1f84b44733e44e9e06b47e364540b) Importer(815301076,1909f56bfc062723c751e8b465ee728b)
Start importing Assets/Polyart/PolyartStudio/DreamscapeMeadows/Textures/Utility/T_Noise_03.png using Guid(f3a1f84b44733e44e9e06b47e364540b) Importer(815301076,1909f56bfc062723c751e8b465ee728b)  -> (artifact id: 'eee35c0897aba09e3dabc61563e8998d') in 0.009395 seconds 
  Import took 0.034776 seconds .

========================================================================
Received Import Request.
  Time since last request: 0.000223 seconds.
  path: Assets/Polyart/PolyartStudio/DreamscapeMeadows/Textures/Rocks/T_Rock_Formation_01_R.png
  artifactKey: Guid(abc4a114b1d2776448b1c932411bdfb5) Importer(815301076,1909f56bfc062723c751e8b465ee728b)
Start importing Assets/Polyart/PolyartStudio/DreamscapeMeadows/Textures/Rocks/T_Rock_Formation_01_R.png using Guid(abc4a114b1d2776448b1c932411bdfb5) Importer(815301076,1909f56bfc062723c751e8b465ee728b)  -> (artifact id: 'a9901367c71319c0fb072afccc7d2002') in 0.010389 seconds 
  Import took 0.014778 seconds .

========================================================================
Received Import Request.
  Time since last request: 0.000177 seconds.
  path: Assets/Polyart/PolyartStudio/DreamscapeMeadows/Textures/Rocks/T_Rock_Formation_01_N.png
  artifactKey: Guid(6679008eed62c434084c6b44fad207fd) Importer(815301076,1909f56bfc062723c751e8b465ee728b)
Start importing Assets/Polyart/PolyartStudio/DreamscapeMeadows/Textures/Rocks/T_Rock_Formation_01_N.png using Guid(6679008eed62c434084c6b44fad207fd) Importer(815301076,1909f56bfc062723c751e8b465ee728b)  -> (artifact id: 'dfe55f57a669cc62e4bb550b243b2e62') in 0.016072 seconds 
  Import took 0.019641 seconds .

========================================================================
Received Import Request.
  Time since last request: 0.000227 seconds.
  path: Assets/Polyart/PolyartStudio/DreamscapeMeadows/Textures/Terrain/T_Grass_Ground_R.png
  artifactKey: Guid(345039ed55f8d784981195f0f9464f46) Importer(815301076,1909f56bfc062723c751e8b465ee728b)
Start importing Assets/Polyart/PolyartStudio/DreamscapeMeadows/Textures/Terrain/T_Grass_Ground_R.png using Guid(345039ed55f8d784981195f0f9464f46) Importer(815301076,1909f56bfc062723c751e8b465ee728b)  -> (artifact id: '8b7aca4d245cf3d1e4701e30a05b804c') in 0.009442 seconds 
  Import took 0.013664 seconds .

========================================================================
Received Import Request.
  Time since last request: 3.812875 seconds.
  path: Assets/Polyart/PolyartStudio/DreamscapeMeadows/Textures/Rocks/T_Rock_Formation_03_C.png
  artifactKey: Guid(a6d4c6e1694ad814685102f50af0a09b) Importer(815301076,1909f56bfc062723c751e8b465ee728b)
Start importing Assets/Polyart/PolyartStudio/DreamscapeMeadows/Textures/Rocks/T_Rock_Formation_03_C.png using Guid(a6d4c6e1694ad814685102f50af0a09b) Importer(815301076,1909f56bfc062723c751e8b465ee728b)  -> (artifact id: '5e6d25826ad2823513f67b643ad55616') in 0.025817 seconds 
  Import took 0.029931 seconds .

========================================================================
Received Import Request.
  Time since last request: 0.000191 seconds.
  path: Assets/Polyart/PolyartStudio/DreamscapeMeadows/Textures/Rocks/T_Rock_Formation_03_N.png
  artifactKey: Guid(55139a80b19ae0a42ac9de20244971ce) Importer(815301076,1909f56bfc062723c751e8b465ee728b)
Start importing Assets/Polyart/PolyartStudio/DreamscapeMeadows/Textures/Rocks/T_Rock_Formation_03_N.png using Guid(55139a80b19ae0a42ac9de20244971ce) Importer(815301076,1909f56bfc062723c751e8b465ee728b)  -> (artifact id: '8e874cb51e52d7c1ad6f501b5982bf20') in 0.017977 seconds 
  Import took 0.021435 seconds .

========================================================================
Received Import Request.
  Time since last request: 0.000224 seconds.
  path: Assets/Polyart/PolyartStudio/DreamscapeMeadows/Textures/Rocks/T_Rock_Formation_03_R.png
  artifactKey: Guid(63d837c62357afa4b8912e3df2c113cc) Importer(815301076,1909f56bfc062723c751e8b465ee728b)
Start importing Assets/Polyart/PolyartStudio/DreamscapeMeadows/Textures/Rocks/T_Rock_Formation_03_R.png using Guid(63d837c62357afa4b8912e3df2c113cc) Importer(815301076,1909f56bfc062723c751e8b465ee728b)  -> (artifact id: '83b4d6021058ee04fc783f154eefdd50') in 0.011363 seconds 
  Import took 0.037366 seconds .

========================================================================
Received Import Request.
  Time since last request: 0.279560 seconds.
  path: Assets/Polyart/PolyartStudio/DreamscapeMeadows/Textures/Rocks/T_Stones_Update_C.png
  artifactKey: Guid(f8f53c291e45bea47ae79731f49a2312) Importer(815301076,1909f56bfc062723c751e8b465ee728b)
Start importing Assets/Polyart/PolyartStudio/DreamscapeMeadows/Textures/Rocks/T_Stones_Update_C.png using Guid(f8f53c291e45bea47ae79731f49a2312) Importer(815301076,1909f56bfc062723c751e8b465ee728b)  -> (artifact id: 'dc637c29399386d4b2af2a2ad2017a32') in 0.010552 seconds 
  Import took 0.014860 seconds .

========================================================================
Received Import Request.
  Time since last request: 0.000222 seconds.
  path: Assets/Polyart/PolyartStudio/DreamscapeMeadows/Textures/Rocks/T_Stones_Update_R.png
  artifactKey: Guid(4a82749a9d0a6f848900e52ed341ef4c) Importer(815301076,1909f56bfc062723c751e8b465ee728b)
Start importing Assets/Polyart/PolyartStudio/DreamscapeMeadows/Textures/Rocks/T_Stones_Update_R.png using Guid(4a82749a9d0a6f848900e52ed341ef4c) Importer(815301076,1909f56bfc062723c751e8b465ee728b)  -> (artifact id: '2211640c4ab12dcd90b5efdc5c1465fe') in 0.010092 seconds 
  Import took 0.014182 seconds .

========================================================================
Received Import Request.
  Time since last request: 0.000264 seconds.
  path: Assets/Polyart/PolyartStudio/DreamscapeMeadows/Textures/Rocks/T_RocksRound_R.png
  artifactKey: Guid(4ca1b143ba1eeff43ab849abfa3888ca) Importer(815301076,1909f56bfc062723c751e8b465ee728b)
Start importing Assets/Polyart/PolyartStudio/DreamscapeMeadows/Textures/Rocks/T_RocksRound_R.png using Guid(4ca1b143ba1eeff43ab849abfa3888ca) Importer(815301076,1909f56bfc062723c751e8b465ee728b)  -> (artifact id: 'e2fb6f46260c9aeff1c62efe27a68c15') in 0.009955 seconds 
  Import took 0.013983 seconds .

========================================================================
Received Import Request.
  Time since last request: 0.000223 seconds.
  path: Assets/Polyart/PolyartStudio/DreamscapeMeadows/Textures/Rocks/T_Stones_Update_N.png
  artifactKey: Guid(3e2fb54f7b463e94790a3d34826d6871) Importer(815301076,1909f56bfc062723c751e8b465ee728b)
Start importing Assets/Polyart/PolyartStudio/DreamscapeMeadows/Textures/Rocks/T_Stones_Update_N.png using Guid(3e2fb54f7b463e94790a3d34826d6871) Importer(815301076,1909f56bfc062723c751e8b465ee728b)  -> (artifact id: '253bec3282bac7dc4456e3a4f433684d') in 0.011884 seconds 
  Import took 0.015821 seconds .

AssetImportWorkerClient::OnTransportError - code=2 error=End of file
